19-Mar-2026 20:42:48.232 INFO [main] org.apache.catalina.startup.VersionLoggerListener.log Server version name:   Apache Tomcat/9.0.89
19-Mar-2026 20:42:48.237 INFO [main] org.apache.catalina.startup.VersionLoggerListener.log Server built:          May 3 2024 20:22:11 UTC
19-Mar-2026 20:42:48.238 INFO [main] org.apache.catalina.startup.VersionLoggerListener.log Server version number: 9.0.89.0
19-Mar-2026 20:42:48.238 INFO [main] org.apache.catalina.startup.VersionLoggerListener.log OS Name:               Windows 11
19-Mar-2026 20:42:48.238 INFO [main] org.apache.catalina.startup.VersionLoggerListener.log OS Version:            10.0
19-Mar-2026 20:42:48.238 INFO [main] org.apache.catalina.startup.VersionLoggerListener.log Architecture:          amd64
19-Mar-2026 20:42:48.238 INFO [main] org.apache.catalina.startup.VersionLoggerListener.log Java Home:             C:\Program Files\Java\jdk-25.0.2
19-Mar-2026 20:42:48.238 INFO [main] org.apache.catalina.startup.VersionLoggerListener.log JVM Version:           25.0.2+10-LTS-69
19-Mar-2026 20:42:48.240 INFO [main] org.apache.catalina.startup.VersionLoggerListener.log JVM Vendor:            Oracle Corporation
19-Mar-2026 20:42:48.240 INFO [main] org.apache.catalina.startup.VersionLoggerListener.log CATALINA_BASE:         D:\Software_Project_Management\Web Skeletonizer Service project Code\Web Skeletonizer Service project Code\tools\apache-tomcat-9.0.89
19-Mar-2026 20:42:48.240 INFO [main] org.apache.catalina.startup.VersionLoggerListener.log CATALINA_HOME:         D:\Software_Project_Management\Web Skeletonizer Service project Code\Web Skeletonizer Service project Code\tools\apache-tomcat-9.0.89
19-Mar-2026 20:42:48.322 INFO [main] org.apache.catalina.startup.VersionLoggerListener.log Command line argument: --add-opens=java.base/java.lang=ALL-UNNAMED
19-Mar-2026 20:42:48.322 INFO [main] org.apache.catalina.startup.VersionLoggerListener.log Command line argument: --add-opens=java.base/java.io=ALL-UNNAMED
19-Mar-2026 20:42:48.322 INFO [main] org.apache.catalina.startup.VersionLoggerListener.log Command line argument: --add-opens=java.base/java.util=ALL-UNNAMED
19-Mar-2026 20:42:48.323 INFO [main] org.apache.catalina.startup.VersionLoggerListener.log Command line argument: --add-opens=java.base/java.util.concurrent=ALL-UNNAMED
19-Mar-2026 20:42:48.323 INFO [main] org.apache.catalina.startup.VersionLoggerListener.log Command line argument: --add-opens=java.rmi/sun.rmi.transport=ALL-UNNAMED
19-Mar-2026 20:42:48.324 INFO [main] org.apache.catalina.startup.VersionLoggerListener.log Command line argument: -Djava.util.logging.config.file=D:\Software_Project_Management\Web Skeletonizer Service project Code\Web Skeletonizer Service project Code\tools\apache-tomcat-9.0.89\conf\logging.properties
19-Mar-2026 20:42:48.324 INFO [main] org.apache.catalina.startup.VersionLoggerListener.log Command line argument: -Djava.util.logging.manager=org.apache.juli.ClassLoaderLogManager
19-Mar-2026 20:42:48.324 INFO [main] org.apache.catalina.startup.VersionLoggerListener.log Command line argument: -Djdk.tls.ephemeralDHKeySize=2048
19-Mar-2026 20:42:48.324 INFO [main] org.apache.catalina.startup.VersionLoggerListener.log Command line argument: -Djava.protocol.handler.pkgs=org.apache.catalina.webresources
19-Mar-2026 20:42:48.325 INFO [main] org.apache.catalina.startup.VersionLoggerListener.log Command line argument: -Dignore.endorsed.dirs=
19-Mar-2026 20:42:48.325 INFO [main] org.apache.catalina.startup.VersionLoggerListener.log Command line argument: -Dcatalina.base=D:\Software_Project_Management\Web Skeletonizer Service project Code\Web Skeletonizer Service project Code\tools\apache-tomcat-9.0.89
19-Mar-2026 20:42:48.325 INFO [main] org.apache.catalina.startup.VersionLoggerListener.log Command line argument: -Dcatalina.home=D:\Software_Project_Management\Web Skeletonizer Service project Code\Web Skeletonizer Service project Code\tools\apache-tomcat-9.0.89
19-Mar-2026 20:42:48.325 INFO [main] org.apache.catalina.startup.VersionLoggerListener.log Command line argument: -Djava.io.tmpdir=D:\Software_Project_Management\Web Skeletonizer Service project Code\Web Skeletonizer Service project Code\tools\apache-tomcat-9.0.89\temp
19-Mar-2026 20:42:48.470 INFO [main] org.apache.catalina.core.AprLifecycleListener.lifecycleEvent Loaded Apache Tomcat Native library [1.3.0] using APR version [1.7.4].
19-Mar-2026 20:42:48.470 INFO [main] org.apache.catalina.core.AprLifecycleListener.lifecycleEvent APR capabilities: IPv6 [true], sendfile [true], accept filters [false], random [true], UDS [true].
19-Mar-2026 20:42:48.471 INFO [main] org.apache.catalina.core.AprLifecycleListener.lifecycleEvent APR/OpenSSL configuration: useAprConnector [false], useOpenSSL [true]
19-Mar-2026 20:42:48.480 INFO [main] org.apache.catalina.core.AprLifecycleListener.initializeSSL OpenSSL successfully initialized [OpenSSL 3.0.13 30 Jan 2024]
19-Mar-2026 20:42:48.786 INFO [main] org.apache.coyote.AbstractProtocol.init Initializing ProtocolHandler ["http-nio-8080"]
19-Mar-2026 20:42:48.815 INFO [main] org.apache.catalina.startup.Catalina.load Server initialization in [804] milliseconds
19-Mar-2026 20:42:48.854 INFO [main] org.apache.catalina.core.StandardService.startInternal Starting service [Catalina]
19-Mar-2026 20:42:48.854 INFO [main] org.apache.catalina.core.StandardEngine.startInternal Starting Servlet engine: [Apache Tomcat/9.0.89]
19-Mar-2026 20:42:48.865 INFO [main] org.apache.catalina.startup.HostConfig.deployDirectory Deploying web application directory [D:\Software_Project_Management\Web Skeletonizer Service project Code\Web Skeletonizer Service project Code\tools\apache-tomcat-9.0.89\webapps\docs]
19-Mar-2026 20:42:49.148 INFO [main] org.apache.catalina.startup.HostConfig.deployDirectory Deployment of web application directory [D:\Software_Project_Management\Web Skeletonizer Service project Code\Web Skeletonizer Service project Code\tools\apache-tomcat-9.0.89\webapps\docs] has finished in [280] ms
19-Mar-2026 20:42:49.149 INFO [main] org.apache.catalina.startup.HostConfig.deployDirectory Deploying web application directory [D:\Software_Project_Management\Web Skeletonizer Service project Code\Web Skeletonizer Service project Code\tools\apache-tomcat-9.0.89\webapps\examples]
19-Mar-2026 20:42:49.472 INFO [main] org.apache.catalina.startup.HostConfig.deployDirectory Deployment of web application directory [D:\Software_Project_Management\Web Skeletonizer Service project Code\Web Skeletonizer Service project Code\tools\apache-tomcat-9.0.89\webapps\examples] has finished in [323] ms
19-Mar-2026 20:42:49.473 INFO [main] org.apache.catalina.startup.HostConfig.deployDirectory Deploying web application directory [D:\Software_Project_Management\Web Skeletonizer Service project Code\Web Skeletonizer Service project Code\tools\apache-tomcat-9.0.89\webapps\host-manager]
19-Mar-2026 20:42:49.520 INFO [main] org.apache.catalina.startup.HostConfig.deployDirectory Deployment of web application directory [D:\Software_Project_Management\Web Skeletonizer Service project Code\Web Skeletonizer Service project Code\tools\apache-tomcat-9.0.89\webapps\host-manager] has finished in [46] ms
19-Mar-2026 20:42:49.520 INFO [main] org.apache.catalina.startup.HostConfig.deployDirectory Deploying web application directory [D:\Software_Project_Management\Web Skeletonizer Service project Code\Web Skeletonizer Service project Code\tools\apache-tomcat-9.0.89\webapps\manager]
19-Mar-2026 20:42:49.575 INFO [main] org.apache.catalina.startup.HostConfig.deployDirectory Deployment of web application directory [D:\Software_Project_Management\Web Skeletonizer Service project Code\Web Skeletonizer Service project Code\tools\apache-tomcat-9.0.89\webapps\manager] has finished in [54] ms
19-Mar-2026 20:42:49.575 INFO [main] org.apache.catalina.startup.HostConfig.deployDirectory Deploying web application directory [D:\Software_Project_Management\Web Skeletonizer Service project Code\Web Skeletonizer Service project Code\tools\apache-tomcat-9.0.89\webapps\ROOT]
19-Mar-2026 20:42:49.621 INFO [main] org.apache.catalina.startup.HostConfig.deployDirectory Deployment of web application directory [D:\Software_Project_Management\Web Skeletonizer Service project Code\Web Skeletonizer Service project Code\tools\apache-tomcat-9.0.89\webapps\ROOT] has finished in [46] ms
19-Mar-2026 20:42:49.622 INFO [main] org.apache.catalina.startup.HostConfig.deployDirectory Deploying web application directory [D:\Software_Project_Management\Web Skeletonizer Service project Code\Web Skeletonizer Service project Code\tools\apache-tomcat-9.0.89\webapps\wss]
19-Mar-2026 20:42:49.693 INFO [main] org.apache.jasper.servlet.TldScanner.scanJars At least one JAR was scanned for TLDs yet contained no TLDs. Enable debug logging for this logger for a complete list of JARs that were scanned but no TLDs were found in them. Skipping unneeded JARs during scanning can improve startup time and JSP compilation time.
19-Mar-2026 20:42:49.700 INFO [main] org.apache.catalina.startup.HostConfig.deployDirectory Deployment of web application directory [D:\Software_Project_Management\Web Skeletonizer Service project Code\Web Skeletonizer Service project Code\tools\apache-tomcat-9.0.89\webapps\wss] has finished in [78] ms
19-Mar-2026 20:42:49.706 INFO [main] org.apache.coyote.AbstractProtocol.start Starting ProtocolHandler ["http-nio-8080"]
19-Mar-2026 20:42:49.728 INFO [main] org.apache.catalina.startup.Catalina.start Server startup in [909] milliseconds
19-Mar-2026 21:07:06.282 INFO [main] org.apache.catalina.core.StandardServer.await A valid shutdown command was received via the shutdown port. Stopping the Server instance.
19-Mar-2026 21:07:06.315 INFO [main] org.apache.coyote.AbstractProtocol.pause Pausing ProtocolHandler ["http-nio-8080"]
19-Mar-2026 21:07:06.380 INFO [main] org.apache.catalina.core.StandardService.stopInternal Stopping service [Catalina]
19-Mar-2026 21:07:06.621 INFO [main] org.apache.coyote.AbstractProtocol.stop Stopping ProtocolHandler ["http-nio-8080"]
19-Mar-2026 21:07:06.646 INFO [main] org.apache.coyote.AbstractProtocol.destroy Destroying ProtocolHandler ["http-nio-8080"]
19-Mar-2026 21:07:10.417 INFO [main] org.apache.catalina.startup.VersionLoggerListener.log Server version name:   Apache Tomcat/9.0.89
19-Mar-2026 21:07:10.420 INFO [main] org.apache.catalina.startup.VersionLoggerListener.log Server built:          May 3 2024 20:22:11 UTC
19-Mar-2026 21:07:10.421 INFO [main] org.apache.catalina.startup.VersionLoggerListener.log Server version number: 9.0.89.0
19-Mar-2026 21:07:10.421 INFO [main] org.apache.catalina.startup.VersionLoggerListener.log OS Name:               Windows 11
19-Mar-2026 21:07:10.422 INFO [main] org.apache.catalina.startup.VersionLoggerListener.log OS Version:            10.0
19-Mar-2026 21:07:10.422 INFO [main] org.apache.catalina.startup.VersionLoggerListener.log Architecture:          amd64
19-Mar-2026 21:07:10.422 INFO [main] org.apache.catalina.startup.VersionLoggerListener.log Java Home:             C:\Program Files\Java\jdk-25.0.2
19-Mar-2026 21:07:10.423 INFO [main] org.apache.catalina.startup.VersionLoggerListener.log JVM Version:           25.0.2+10-LTS-69
19-Mar-2026 21:07:10.423 INFO [main] org.apache.catalina.startup.VersionLoggerListener.log JVM Vendor:            Oracle Corporation
19-Mar-2026 21:07:10.423 INFO [main] org.apache.catalina.startup.VersionLoggerListener.log CATALINA_BASE:         D:\Software_Project_Management\Web Skeletonizer Service project Code\Web Skeletonizer Service project Code\tools\apache-tomcat-9.0.89
19-Mar-2026 21:07:10.423 INFO [main] org.apache.catalina.startup.VersionLoggerListener.log CATALINA_HOME:         D:\Software_Project_Management\Web Skeletonizer Service project Code\Web Skeletonizer Service project Code\tools\apache-tomcat-9.0.89
19-Mar-2026 21:07:10.442 INFO [main] org.apache.catalina.startup.VersionLoggerListener.log Command line argument: --add-opens=java.base/java.lang=ALL-UNNAMED
19-Mar-2026 21:07:10.443 INFO [main] org.apache.catalina.startup.VersionLoggerListener.log Command line argument: --add-opens=java.base/java.io=ALL-UNNAMED
19-Mar-2026 21:07:10.443 INFO [main] org.apache.catalina.startup.VersionLoggerListener.log Command line argument: --add-opens=java.base/java.util=ALL-UNNAMED
19-Mar-2026 21:07:10.444 INFO [main] org.apache.catalina.startup.VersionLoggerListener.log Command line argument: --add-opens=java.base/java.util.concurrent=ALL-UNNAMED
19-Mar-2026 21:07:10.444 INFO [main] org.apache.catalina.startup.VersionLoggerListener.log Command line argument: --add-opens=java.rmi/sun.rmi.transport=ALL-UNNAMED
19-Mar-2026 21:07:10.444 INFO [main] org.apache.catalina.startup.VersionLoggerListener.log Command line argument: -Djava.util.logging.config.file=D:\Software_Project_Management\Web Skeletonizer Service project Code\Web Skeletonizer Service project Code\tools\apache-tomcat-9.0.89\conf\logging.properties
19-Mar-2026 21:07:10.444 INFO [main] org.apache.catalina.startup.VersionLoggerListener.log Command line argument: -Djava.util.logging.manager=org.apache.juli.ClassLoaderLogManager
19-Mar-2026 21:07:10.445 INFO [main] org.apache.catalina.startup.VersionLoggerListener.log Command line argument: -Djdk.tls.ephemeralDHKeySize=2048
19-Mar-2026 21:07:10.445 INFO [main] org.apache.catalina.startup.VersionLoggerListener.log Command line argument: -Djava.protocol.handler.pkgs=org.apache.catalina.webresources
19-Mar-2026 21:07:10.445 INFO [main] org.apache.catalina.startup.VersionLoggerListener.log Command line argument: -Dignore.endorsed.dirs=
19-Mar-2026 21:07:10.446 INFO [main] org.apache.catalina.startup.VersionLoggerListener.log Command line argument: -Dcatalina.base=D:\Software_Project_Management\Web Skeletonizer Service project Code\Web Skeletonizer Service project Code\tools\apache-tomcat-9.0.89
19-Mar-2026 21:07:10.446 INFO [main] org.apache.catalina.startup.VersionLoggerListener.log Command line argument: -Dcatalina.home=D:\Software_Project_Management\Web Skeletonizer Service project Code\Web Skeletonizer Service project Code\tools\apache-tomcat-9.0.89
19-Mar-2026 21:07:10.446 INFO [main] org.apache.catalina.startup.VersionLoggerListener.log Command line argument: -Djava.io.tmpdir=D:\Software_Project_Management\Web Skeletonizer Service project Code\Web Skeletonizer Service project Code\tools\apache-tomcat-9.0.89\temp
19-Mar-2026 21:07:10.453 INFO [main] org.apache.catalina.core.AprLifecycleListener.lifecycleEvent Loaded Apache Tomcat Native library [1.3.0] using APR version [1.7.4].
19-Mar-2026 21:07:10.454 INFO [main] org.apache.catalina.core.AprLifecycleListener.lifecycleEvent APR capabilities: IPv6 [true], sendfile [true], accept filters [false], random [true], UDS [true].
19-Mar-2026 21:07:10.454 INFO [main] org.apache.catalina.core.AprLifecycleListener.lifecycleEvent APR/OpenSSL configuration: useAprConnector [false], useOpenSSL [true]
19-Mar-2026 21:07:10.464 INFO [main] org.apache.catalina.core.AprLifecycleListener.initializeSSL OpenSSL successfully initialized [OpenSSL 3.0.13 30 Jan 2024]
19-Mar-2026 21:07:10.817 INFO [main] org.apache.coyote.AbstractProtocol.init Initializing ProtocolHandler ["http-nio-8080"]
19-Mar-2026 21:07:10.847 INFO [main] org.apache.catalina.startup.Catalina.load Server initialization in [626] milliseconds
19-Mar-2026 21:07:10.901 INFO [main] org.apache.catalina.core.StandardService.startInternal Starting service [Catalina]
19-Mar-2026 21:07:10.902 INFO [main] org.apache.catalina.core.StandardEngine.startInternal Starting Servlet engine: [Apache Tomcat/9.0.89]
19-Mar-2026 21:07:10.909 INFO [main] org.apache.catalina.startup.HostConfig.deployDirectory Deploying web application directory [D:\Software_Project_Management\Web Skeletonizer Service project Code\Web Skeletonizer Service project Code\tools\apache-tomcat-9.0.89\webapps\docs]
19-Mar-2026 21:07:11.163 INFO [main] org.apache.catalina.startup.HostConfig.deployDirectory Deployment of web application directory [D:\Software_Project_Management\Web Skeletonizer Service project Code\Web Skeletonizer Service project Code\tools\apache-tomcat-9.0.89\webapps\docs] has finished in [250] ms
19-Mar-2026 21:07:11.163 INFO [main] org.apache.catalina.startup.HostConfig.deployDirectory Deploying web application directory [D:\Software_Project_Management\Web Skeletonizer Service project Code\Web Skeletonizer Service project Code\tools\apache-tomcat-9.0.89\webapps\examples]
19-Mar-2026 21:07:11.525 INFO [main] org.apache.catalina.startup.HostConfig.deployDirectory Deployment of web application directory [D:\Software_Project_Management\Web Skeletonizer Service project Code\Web Skeletonizer Service project Code\tools\apache-tomcat-9.0.89\webapps\examples] has finished in [362] ms
19-Mar-2026 21:07:11.526 INFO [main] org.apache.catalina.startup.HostConfig.deployDirectory Deploying web application directory [D:\Software_Project_Management\Web Skeletonizer Service project Code\Web Skeletonizer Service project Code\tools\apache-tomcat-9.0.89\webapps\host-manager]
19-Mar-2026 21:07:11.569 INFO [main] org.apache.catalina.startup.HostConfig.deployDirectory Deployment of web application directory [D:\Software_Project_Management\Web Skeletonizer Service project Code\Web Skeletonizer Service project Code\tools\apache-tomcat-9.0.89\webapps\host-manager] has finished in [43] ms
19-Mar-2026 21:07:11.569 INFO [main] org.apache.catalina.startup.HostConfig.deployDirectory Deploying web application directory [D:\Software_Project_Management\Web Skeletonizer Service project Code\Web Skeletonizer Service project Code\tools\apache-tomcat-9.0.89\webapps\manager]
19-Mar-2026 21:07:11.610 INFO [main] org.apache.catalina.startup.HostConfig.deployDirectory Deployment of web application directory [D:\Software_Project_Management\Web Skeletonizer Service project Code\Web Skeletonizer Service project Code\tools\apache-tomcat-9.0.89\webapps\manager] has finished in [41] ms
19-Mar-2026 21:07:11.611 INFO [main] org.apache.catalina.startup.HostConfig.deployDirectory Deploying web application directory [D:\Software_Project_Management\Web Skeletonizer Service project Code\Web Skeletonizer Service project Code\tools\apache-tomcat-9.0.89\webapps\ROOT]
19-Mar-2026 21:07:11.637 INFO [main] org.apache.catalina.startup.HostConfig.deployDirectory Deployment of web application directory [D:\Software_Project_Management\Web Skeletonizer Service project Code\Web Skeletonizer Service project Code\tools\apache-tomcat-9.0.89\webapps\ROOT] has finished in [26] ms
19-Mar-2026 21:07:11.637 INFO [main] org.apache.catalina.startup.HostConfig.deployDirectory Deploying web application directory [D:\Software_Project_Management\Web Skeletonizer Service project Code\Web Skeletonizer Service project Code\tools\apache-tomcat-9.0.89\webapps\wss]
19-Mar-2026 21:07:11.691 INFO [main] org.apache.jasper.servlet.TldScanner.scanJars At least one JAR was scanned for TLDs yet contained no TLDs. Enable debug logging for this logger for a complete list of JARs that were scanned but no TLDs were found in them. Skipping unneeded JARs during scanning can improve startup time and JSP compilation time.
19-Mar-2026 21:07:11.708 INFO [main] org.apache.catalina.startup.HostConfig.deployDirectory Deployment of web application directory [D:\Software_Project_Management\Web Skeletonizer Service project Code\Web Skeletonizer Service project Code\tools\apache-tomcat-9.0.89\webapps\wss] has finished in [71] ms
19-Mar-2026 21:07:11.712 INFO [main] org.apache.coyote.AbstractProtocol.start Starting ProtocolHandler ["http-nio-8080"]
19-Mar-2026 21:07:11.735 INFO [main] org.apache.catalina.startup.Catalina.start Server startup in [885] milliseconds
19-Mar-2026 21:12:11.761 INFO [main] org.apache.catalina.core.StandardServer.await A valid shutdown command was received via the shutdown port. Stopping the Server instance.
19-Mar-2026 21:12:11.763 INFO [main] org.apache.coyote.AbstractProtocol.pause Pausing ProtocolHandler ["http-nio-8080"]
19-Mar-2026 21:12:11.776 INFO [main] org.apache.catalina.core.StandardService.stopInternal Stopping service [Catalina]
19-Mar-2026 21:12:11.822 INFO [main] org.apache.coyote.AbstractProtocol.stop Stopping ProtocolHandler ["http-nio-8080"]
19-Mar-2026 21:12:11.835 INFO [main] org.apache.coyote.AbstractProtocol.destroy Destroying ProtocolHandler ["http-nio-8080"]
